{"/Users/roman/development/react/booksApp/src/components/App/App.jsx": {"path":"/Users/roman/development/react/booksApp/src/components/App/App.jsx","statementMap":{"0":{"start":{"line":8,"column":12},"end":{"line":19,"column":1}},"1":{"start":{"line":9,"column":15},"end":{"line":9,"column":56}},"2":{"start":{"line":9,"column":38},"end":{"line":9,"column":55}},"3":{"start":{"line":11,"column":1},"end":{"line":18,"column":3}}},"fnMap":{"0":{"name":"(anonymous_0)","decl":{"start":{"line":8,"column":12},"end":{"line":8,"column":13}},"loc":{"start":{"line":8,"column":18},"end":{"line":19,"column":1}},"line":8},"1":{"name":"(anonymous_1)","decl":{"start":{"line":9,"column":27},"end":{"line":9,"column":28}},"loc":{"start":{"line":9,"column":38},"end":{"line":9,"column":55}},"line":9}},"branchMap":{"0":{"loc":{"start":{"line":16,"column":4},"end":{"line":16,"column":44}},"type":"binary-expr","locations":[{"start":{"line":16,"column":4},"end":{"line":16,"column":9}},{"start":{"line":16,"column":13},"end":{"line":16,"column":44}}],"line":16}},"s":{"0":1,"1":2,"2":6,"3":2},"f":{"0":2,"1":6},"b":{"0":[2,1]},"_coverageSchema":"1a1c01bbd47fc00a2c39e90264f33305004495a9","hash":"258ac213b497e9db6fd36328f56dff5a94720614"}
,"/Users/roman/development/react/booksApp/src/components/BookTable/BookTable.jsx": {"path":"/Users/roman/development/react/booksApp/src/components/BookTable/BookTable.jsx","statementMap":{"0":{"start":{"line":7,"column":18},"end":{"line":15,"column":1}},"1":{"start":{"line":8,"column":1},"end":{"line":14,"column":3}},"2":{"start":{"line":17,"column":0},"end":{"line":20,"column":2}}},"fnMap":{"0":{"name":"(anonymous_0)","decl":{"start":{"line":7,"column":18},"end":{"line":7,"column":19}},"loc":{"start":{"line":7,"column":42},"end":{"line":15,"column":1}},"line":7}},"branchMap":{},"s":{"0":3,"1":4,"2":3},"f":{"0":4},"b":{},"_coverageSchema":"1a1c01bbd47fc00a2c39e90264f33305004495a9","hash":"67d4eda595d311a3bc31d722cf6b98753dc9e2d6"}
,"/Users/roman/development/react/booksApp/src/components/BookTable/BookTableContainer.jsx": {"path":"/Users/roman/development/react/booksApp/src/components/BookTable/BookTableContainer.jsx","statementMap":{"0":{"start":{"line":6,"column":27},"end":{"line":21,"column":1}},"1":{"start":{"line":11,"column":5},"end":{"line":11,"column":34}},"2":{"start":{"line":11,"column":28},"end":{"line":11,"column":33}},"3":{"start":{"line":13,"column":18},"end":{"line":13,"column":31}},"4":{"start":{"line":15,"column":1},"end":{"line":18,"column":4}},"5":{"start":{"line":15,"column":23},"end":{"line":15,"column":74}},"6":{"start":{"line":20,"column":1},"end":{"line":20,"column":54}}},"fnMap":{"0":{"name":"(anonymous_0)","decl":{"start":{"line":6,"column":27},"end":{"line":6,"column":28}},"loc":{"start":{"line":6,"column":33},"end":{"line":21,"column":1}},"line":6},"1":{"name":"(anonymous_1)","decl":{"start":{"line":11,"column":17},"end":{"line":11,"column":18}},"loc":{"start":{"line":11,"column":28},"end":{"line":11,"column":33}},"line":11},"2":{"name":"(anonymous_2)","decl":{"start":{"line":15,"column":17},"end":{"line":15,"column":18}},"loc":{"start":{"line":15,"column":23},"end":{"line":15,"column":74}},"line":15}},"branchMap":{},"s":{"0":2,"1":3,"2":9,"3":3,"4":3,"5":3,"6":3},"f":{"0":3,"1":9,"2":3},"b":{},"_coverageSchema":"1a1c01bbd47fc00a2c39e90264f33305004495a9","hash":"756e7089b466edfaa9aaf30ce607ce23255e22a2"}
,"/Users/roman/development/react/booksApp/src/components/BookTable/TableBody/TableBody.jsx": {"path":"/Users/roman/development/react/booksApp/src/components/BookTable/TableBody/TableBody.jsx","statementMap":{"0":{"start":{"line":5,"column":18},"end":{"line":13,"column":1}},"1":{"start":{"line":6,"column":1},"end":{"line":12,"column":3}},"2":{"start":{"line":9,"column":4},"end":{"line":9,"column":38}},"3":{"start":{"line":15,"column":0},"end":{"line":17,"column":2}}},"fnMap":{"0":{"name":"(anonymous_0)","decl":{"start":{"line":5,"column":18},"end":{"line":5,"column":19}},"loc":{"start":{"line":5,"column":38},"end":{"line":13,"column":1}},"line":5},"1":{"name":"(anonymous_1)","decl":{"start":{"line":8,"column":14},"end":{"line":8,"column":15}},"loc":{"start":{"line":9,"column":4},"end":{"line":9,"column":38}},"line":9}},"branchMap":{"0":{"loc":{"start":{"line":5,"column":21},"end":{"line":5,"column":31}},"type":"default-arg","locations":[{"start":{"line":5,"column":29},"end":{"line":5,"column":31}}],"line":5}},"s":{"0":5,"1":5,"2":1,"3":5},"f":{"0":5,"1":1},"b":{"0":[3]},"_coverageSchema":"1a1c01bbd47fc00a2c39e90264f33305004495a9","hash":"1d67a3e835486dd596e009d154eb7b62e5223568"}
,"/Users/roman/development/react/booksApp/src/components/BookTable/TableBody/TableBodyContainer.jsx": {"path":"/Users/roman/development/react/booksApp/src/components/BookTable/TableBody/TableBodyContainer.jsx","statementMap":{"0":{"start":{"line":6,"column":27},"end":{"line":12,"column":1}},"1":{"start":{"line":7,"column":1},"end":{"line":9,"column":2}},"2":{"start":{"line":8,"column":2},"end":{"line":8,"column":21}},"3":{"start":{"line":11,"column":1},"end":{"line":11,"column":36}},"4":{"start":{"line":14,"column":0},"end":{"line":17,"column":2}}},"fnMap":{"0":{"name":"(anonymous_0)","decl":{"start":{"line":6,"column":27},"end":{"line":6,"column":28}},"loc":{"start":{"line":6,"column":51},"end":{"line":12,"column":1}},"line":6}},"branchMap":{"0":{"loc":{"start":{"line":7,"column":1},"end":{"line":9,"column":2}},"type":"if","locations":[{"start":{"line":7,"column":1},"end":{"line":9,"column":2}},{"start":{"line":7,"column":1},"end":{"line":9,"column":2}}],"line":7}},"s":{"0":4,"1":5,"2":1,"3":4,"4":4},"f":{"0":5},"b":{"0":[1,4]},"_coverageSchema":"1a1c01bbd47fc00a2c39e90264f33305004495a9","hash":"a6c54f8489705a7165441c430b4cce919c2c385e"}
,"/Users/roman/development/react/booksApp/src/components/BookTable/TableBody/TableRow/TableRow.jsx": {"path":"/Users/roman/development/react/booksApp/src/components/BookTable/TableBody/TableRow/TableRow.jsx","statementMap":{"0":{"start":{"line":5,"column":17},"end":{"line":19,"column":1}},"1":{"start":{"line":6,"column":24},"end":{"line":6,"column":30}},"2":{"start":{"line":7,"column":45},"end":{"line":7,"column":49}},"3":{"start":{"line":8,"column":19},"end":{"line":8,"column":52}},"4":{"start":{"line":10,"column":1},"end":{"line":18,"column":3}},"5":{"start":{"line":13,"column":4},"end":{"line":15,"column":10}},"6":{"start":{"line":21,"column":0},"end":{"line":28,"column":2}}},"fnMap":{"0":{"name":"(anonymous_0)","decl":{"start":{"line":5,"column":17},"end":{"line":5,"column":18}},"loc":{"start":{"line":5,"column":31},"end":{"line":19,"column":1}},"line":5},"1":{"name":"(anonymous_1)","decl":{"start":{"line":12,"column":18},"end":{"line":12,"column":19}},"loc":{"start":{"line":13,"column":4},"end":{"line":15,"column":10}},"line":13}},"branchMap":{},"s":{"0":6,"1":1,"2":1,"3":1,"4":1,"5":4,"6":6},"f":{"0":1,"1":4},"b":{},"_coverageSchema":"1a1c01bbd47fc00a2c39e90264f33305004495a9","hash":"d2fdf9a119dc8135fdb4239c6eaff9fb5f3dcc84"}
,"/Users/roman/development/react/booksApp/src/components/BookTable/TableHead/TableHead.jsx": {"path":"/Users/roman/development/react/booksApp/src/components/BookTable/TableHead/TableHead.jsx","statementMap":{"0":{"start":{"line":4,"column":18},"end":{"line":17,"column":1}},"1":{"start":{"line":5,"column":24},"end":{"line":5,"column":30}},"2":{"start":{"line":6,"column":16},"end":{"line":6,"column":57}},"3":{"start":{"line":8,"column":1},"end":{"line":16,"column":3}},"4":{"start":{"line":11,"column":4},"end":{"line":13,"column":10}}},"fnMap":{"0":{"name":"(anonymous_0)","decl":{"start":{"line":4,"column":18},"end":{"line":4,"column":19}},"loc":{"start":{"line":4,"column":24},"end":{"line":17,"column":1}},"line":4},"1":{"name":"(anonymous_1)","decl":{"start":{"line":10,"column":15},"end":{"line":10,"column":16}},"loc":{"start":{"line":11,"column":4},"end":{"line":13,"column":10}},"line":11}},"branchMap":{},"s":{"0":4,"1":4,"2":4,"3":4,"4":16},"f":{"0":4,"1":16},"b":{},"_coverageSchema":"1a1c01bbd47fc00a2c39e90264f33305004495a9","hash":"614d5159b788785f6a7a82182564f1fd5fe727d6"}
,"/Users/roman/development/react/booksApp/src/components/ErrorIndicator/ErrorIndicator.jsx": {"path":"/Users/roman/development/react/booksApp/src/components/ErrorIndicator/ErrorIndicator.jsx","statementMap":{"0":{"start":{"line":5,"column":23},"end":{"line":9,"column":1}},"1":{"start":{"line":6,"column":1},"end":{"line":8,"column":7}},"2":{"start":{"line":11,"column":0},"end":{"line":13,"column":2}}},"fnMap":{"0":{"name":"(anonymous_0)","decl":{"start":{"line":5,"column":23},"end":{"line":5,"column":24}},"loc":{"start":{"line":6,"column":1},"end":{"line":8,"column":7}},"line":6}},"branchMap":{},"s":{"0":2,"1":2,"2":2},"f":{"0":2},"b":{},"_coverageSchema":"1a1c01bbd47fc00a2c39e90264f33305004495a9","hash":"4c481709d6fa733e0a9fc211e44f4fbbb3f7bb35"}
,"/Users/roman/development/react/booksApp/src/components/Filters/Filters.jsx": {"path":"/Users/roman/development/react/booksApp/src/components/Filters/Filters.jsx","statementMap":{"0":{"start":{"line":6,"column":16},"end":{"line":21,"column":1}},"1":{"start":{"line":7,"column":43},"end":{"line":7,"column":49}},"2":{"start":{"line":9,"column":1},"end":{"line":20,"column":3}},"3":{"start":{"line":14,"column":5},"end":{"line":16,"column":10}},"4":{"start":{"line":23,"column":0},"end":{"line":25,"column":2}}},"fnMap":{"0":{"name":"(anonymous_0)","decl":{"start":{"line":6,"column":16},"end":{"line":6,"column":17}},"loc":{"start":{"line":6,"column":33},"end":{"line":21,"column":1}},"line":6},"1":{"name":"(anonymous_1)","decl":{"start":{"line":13,"column":17},"end":{"line":13,"column":18}},"loc":{"start":{"line":14,"column":5},"end":{"line":16,"column":10}},"line":14}},"branchMap":{},"s":{"0":3,"1":5,"2":5,"3":10,"4":3},"f":{"0":5,"1":10},"b":{},"_coverageSchema":"1a1c01bbd47fc00a2c39e90264f33305004495a9","hash":"b6d43134c74b752405ae9e2dd5d90f9e37913ebd"}
,"/Users/roman/development/react/booksApp/src/components/Filters/FiltersContainer.jsx": {"path":"/Users/roman/development/react/booksApp/src/components/Filters/FiltersContainer.jsx","statementMap":{"0":{"start":{"line":10,"column":25},"end":{"line":33,"column":1}},"1":{"start":{"line":11,"column":18},"end":{"line":11,"column":31}},"2":{"start":{"line":12,"column":39},"end":{"line":12,"column":76}},"3":{"start":{"line":12,"column":62},"end":{"line":12,"column":75}},"4":{"start":{"line":14,"column":25},"end":{"line":17,"column":2}},"5":{"start":{"line":14,"column":38},"end":{"line":17,"column":2}},"6":{"start":{"line":15,"column":2},"end":{"line":15,"column":27}},"7":{"start":{"line":16,"column":2},"end":{"line":16,"column":30}},"8":{"start":{"line":19,"column":17},"end":{"line":30,"column":2}},"9":{"start":{"line":32,"column":1},"end":{"line":32,"column":38}}},"fnMap":{"0":{"name":"(anonymous_0)","decl":{"start":{"line":10,"column":25},"end":{"line":10,"column":26}},"loc":{"start":{"line":10,"column":31},"end":{"line":33,"column":1}},"line":10},"1":{"name":"(anonymous_1)","decl":{"start":{"line":12,"column":51},"end":{"line":12,"column":52}},"loc":{"start":{"line":12,"column":62},"end":{"line":12,"column":75}},"line":12},"2":{"name":"(anonymous_2)","decl":{"start":{"line":14,"column":25},"end":{"line":14,"column":26}},"loc":{"start":{"line":14,"column":38},"end":{"line":17,"column":2}},"line":14},"3":{"name":"(anonymous_3)","decl":{"start":{"line":14,"column":38},"end":{"line":14,"column":39}},"loc":{"start":{"line":14,"column":49},"end":{"line":17,"column":2}},"line":14}},"branchMap":{},"s":{"0":2,"1":4,"2":4,"3":10,"4":4,"5":8,"6":1,"7":1,"8":4,"9":4},"f":{"0":4,"1":10,"2":8,"3":1},"b":{},"_coverageSchema":"1a1c01bbd47fc00a2c39e90264f33305004495a9","hash":"352c2b5f60e8c30a6c085b1f95cfe824ef9f256f"}
,"/Users/roman/development/react/booksApp/src/components/Filters/Filter/Filter.jsx": {"path":"/Users/roman/development/react/booksApp/src/components/Filters/Filter/Filter.jsx","statementMap":{"0":{"start":{"line":7,"column":15},"end":{"line":28,"column":1}},"1":{"start":{"line":8,"column":45},"end":{"line":8,"column":51}},"2":{"start":{"line":9,"column":20},"end":{"line":9,"column":54}},"3":{"start":{"line":11,"column":26},"end":{"line":11,"column":49}},"4":{"start":{"line":13,"column":27},"end":{"line":13,"column":70}},"5":{"start":{"line":13,"column":36},"end":{"line":13,"column":70}},"6":{"start":{"line":15,"column":1},"end":{"line":27,"column":3}},"7":{"start":{"line":30,"column":0},"end":{"line":34,"column":2}}},"fnMap":{"0":{"name":"(anonymous_0)","decl":{"start":{"line":7,"column":15},"end":{"line":7,"column":16}},"loc":{"start":{"line":7,"column":54},"end":{"line":28,"column":1}},"line":7},"1":{"name":"(anonymous_1)","decl":{"start":{"line":13,"column":27},"end":{"line":13,"column":28}},"loc":{"start":{"line":13,"column":36},"end":{"line":13,"column":70}},"line":13}},"branchMap":{},"s":{"0":4,"1":11,"2":11,"3":11,"4":11,"5":1,"6":11,"7":4},"f":{"0":11,"1":1},"b":{},"_coverageSchema":"1a1c01bbd47fc00a2c39e90264f33305004495a9","hash":"7a9728c75f422bb3ce7cc490fc167993c7c8abcc"}
,"/Users/roman/development/react/booksApp/src/components/Pagination/Pagination.jsx": {"path":"/Users/roman/development/react/booksApp/src/components/Pagination/Pagination.jsx","statementMap":{"0":{"start":{"line":5,"column":19},"end":{"line":24,"column":1}},"1":{"start":{"line":6,"column":37},"end":{"line":6,"column":43}},"2":{"start":{"line":8,"column":1},"end":{"line":23,"column":3}},"3":{"start":{"line":11,"column":4},"end":{"line":20,"column":9}},"4":{"start":{"line":26,"column":0},"end":{"line":30,"column":2}}},"fnMap":{"0":{"name":"(anonymous_0)","decl":{"start":{"line":5,"column":19},"end":{"line":5,"column":20}},"loc":{"start":{"line":5,"column":65},"end":{"line":24,"column":1}},"line":5},"1":{"name":"(anonymous_1)","decl":{"start":{"line":10,"column":14},"end":{"line":10,"column":15}},"loc":{"start":{"line":11,"column":4},"end":{"line":20,"column":9}},"line":11}},"branchMap":{"0":{"loc":{"start":{"line":5,"column":22},"end":{"line":5,"column":32}},"type":"default-arg","locations":[{"start":{"line":5,"column":30},"end":{"line":5,"column":32}}],"line":5},"1":{"loc":{"start":{"line":13,"column":17},"end":{"line":13,"column":73}},"type":"cond-expr","locations":[{"start":{"line":13,"column":37},"end":{"line":13,"column":61}},{"start":{"line":13,"column":64},"end":{"line":13,"column":73}}],"line":13},"2":{"loc":{"start":{"line":16,"column":16},"end":{"line":16,"column":42}},"type":"cond-expr","locations":[{"start":{"line":16,"column":36},"end":{"line":16,"column":38}},{"start":{"line":16,"column":41},"end":{"line":16,"column":42}}],"line":16}},"s":{"0":5,"1":8,"2":8,"3":11,"4":5},"f":{"0":8,"1":11},"b":{"0":[1],"1":[4,7],"2":[4,7]},"_coverageSchema":"1a1c01bbd47fc00a2c39e90264f33305004495a9","hash":"1ab3478526e3675bb42f74febc905e2b74ceaed4"}
,"/Users/roman/development/react/booksApp/src/components/Pagination/PaginationContainer.jsx": {"path":"/Users/roman/development/react/booksApp/src/components/Pagination/PaginationContainer.jsx","statementMap":{"0":{"start":{"line":7,"column":28},"end":{"line":25,"column":1}},"1":{"start":{"line":8,"column":18},"end":{"line":8,"column":31}},"2":{"start":{"line":10,"column":34},"end":{"line":10,"column":74}},"3":{"start":{"line":10,"column":57},"end":{"line":10,"column":73}},"4":{"start":{"line":11,"column":20},"end":{"line":11,"column":66}},"5":{"start":{"line":11,"column":43},"end":{"line":11,"column":65}},"6":{"start":{"line":13,"column":25},"end":{"line":13,"column":71}},"7":{"start":{"line":13,"column":35},"end":{"line":13,"column":71}},"8":{"start":{"line":13,"column":41},"end":{"line":13,"column":71}},"9":{"start":{"line":15,"column":20},"end":{"line":15,"column":51}},"10":{"start":{"line":16,"column":15},"end":{"line":16,"column":51}},"11":{"start":{"line":18,"column":1},"end":{"line":24,"column":3}}},"fnMap":{"0":{"name":"(anonymous_0)","decl":{"start":{"line":7,"column":28},"end":{"line":7,"column":29}},"loc":{"start":{"line":7,"column":34},"end":{"line":25,"column":1}},"line":7},"1":{"name":"(anonymous_1)","decl":{"start":{"line":10,"column":46},"end":{"line":10,"column":47}},"loc":{"start":{"line":10,"column":57},"end":{"line":10,"column":73}},"line":10},"2":{"name":"(anonymous_2)","decl":{"start":{"line":11,"column":32},"end":{"line":11,"column":33}},"loc":{"start":{"line":11,"column":43},"end":{"line":11,"column":65}},"line":11},"3":{"name":"(anonymous_3)","decl":{"start":{"line":13,"column":25},"end":{"line":13,"column":26}},"loc":{"start":{"line":13,"column":35},"end":{"line":13,"column":71}},"line":13},"4":{"name":"(anonymous_4)","decl":{"start":{"line":13,"column":35},"end":{"line":13,"column":36}},"loc":{"start":{"line":13,"column":41},"end":{"line":13,"column":71}},"line":13}},"branchMap":{},"s":{"0":4,"1":4,"2":4,"3":12,"4":4,"5":12,"6":4,"7":3,"8":1,"9":4,"10":4,"11":4},"f":{"0":4,"1":12,"2":12,"3":3,"4":1},"b":{},"_coverageSchema":"1a1c01bbd47fc00a2c39e90264f33305004495a9","hash":"76f3f821b36577120163107b5cdf40002c0d034a"}
,"/Users/roman/development/react/booksApp/src/components/Spinner/Spinner.jsx": {"path":"/Users/roman/development/react/booksApp/src/components/Spinner/Spinner.jsx","statementMap":{"0":{"start":{"line":4,"column":16},"end":{"line":4,"column":57}},"1":{"start":{"line":4,"column":22},"end":{"line":4,"column":57}}},"fnMap":{"0":{"name":"(anonymous_0)","decl":{"start":{"line":4,"column":16},"end":{"line":4,"column":17}},"loc":{"start":{"line":4,"column":22},"end":{"line":4,"column":57}},"line":4}},"branchMap":{},"s":{"0":5,"1":1},"f":{"0":1},"b":{},"_coverageSchema":"1a1c01bbd47fc00a2c39e90264f33305004495a9","hash":"5d1ac3fc32c89cd0c3d62ecf38cc2e57a263b98c"}
}
