{"/Users/roman/development/react/booksApp/src/components/Spinner/Spinner.jsx": {"path":"/Users/roman/development/react/booksApp/src/components/Spinner/Spinner.jsx","statementMap":{"0":{"start":{"line":4,"column":16},"end":{"line":4,"column":57}},"1":{"start":{"line":4,"column":22},"end":{"line":4,"column":57}}},"fnMap":{"0":{"name":"(anonymous_0)","decl":{"start":{"line":4,"column":16},"end":{"line":4,"column":17}},"loc":{"start":{"line":4,"column":22},"end":{"line":4,"column":57}},"line":4}},"branchMap":{},"s":{"0":1,"1":1},"f":{"0":1},"b":{},"_coverageSchema":"1a1c01bbd47fc00a2c39e90264f33305004495a9","hash":"5d1ac3fc32c89cd0c3d62ecf38cc2e57a263b98c"}
}
