TN:
SF:src/components/App/App.jsx
FN:8,(anonymous_0)
FN:9,(anonymous_1)
FNF:2
FNH:2
FNDA:2,(anonymous_0)
FNDA:6,(anonymous_1)
DA:8,1
DA:9,6
DA:11,2
LF:3
LH:3
BRDA:16,0,0,2
BRDA:16,0,1,1
BRF:2
BRH:2
end_of_record
TN:
SF:src/components/BookTable/BookTable.jsx
FN:8,(anonymous_0)
FNF:1
FNH:1
FNDA:4,(anonymous_0)
DA:8,3
DA:9,4
DA:11,4
DA:22,3
LF:4
LH:4
BRF:0
BRH:0
end_of_record
TN:
SF:src/components/BookTable/BookTableContainer.jsx
FN:6,(anonymous_0)
FN:11,(anonymous_1)
FN:15,(anonymous_2)
FNF:3
FNH:3
FNDA:3,(anonymous_0)
FNDA:9,(anonymous_1)
FNDA:3,(anonymous_2)
DA:6,2
DA:11,9
DA:13,3
DA:15,3
DA:20,3
LF:5
LH:5
BRF:0
BRH:0
end_of_record
TN:
SF:src/components/BookTable/TableBody/TableBody.jsx
FN:5,(anonymous_0)
FN:8,(anonymous_1)
FNF:2
FNH:2
FNDA:5,(anonymous_0)
FNDA:1,(anonymous_1)
DA:5,5
DA:6,5
DA:9,1
DA:15,5
LF:4
LH:4
BRDA:5,0,0,3
BRF:1
BRH:1
end_of_record
TN:
SF:src/components/BookTable/TableBody/TableBodyContainer.jsx
FN:6,(anonymous_0)
FNF:1
FNH:1
FNDA:5,(anonymous_0)
DA:6,4
DA:7,5
DA:8,1
DA:19,4
DA:22,4
LF:5
LH:5
BRDA:7,0,0,1
BRDA:7,0,1,4
BRF:2
BRH:2
end_of_record
TN:
SF:src/components/BookTable/TableBody/TableRow/TableRow.jsx
FN:5,(anonymous_0)
FNF:1
FNH:1
FNDA:1,(anonymous_0)
DA:5,6
DA:6,1
DA:7,1
DA:9,1
DA:19,6
LF:5
LH:5
BRF:0
BRH:0
end_of_record
TN:
SF:src/components/BookTable/TableHead/TableHead.jsx
FN:4,(anonymous_0)
FN:11,(anonymous_1)
FNF:2
FNH:2
FNDA:4,(anonymous_0)
FNDA:16,(anonymous_1)
DA:4,4
DA:5,4
DA:6,4
DA:8,4
DA:12,16
LF:5
LH:5
BRF:0
BRH:0
end_of_record
TN:
SF:src/components/ErrorIndicator/ErrorIndicator.jsx
FN:5,(anonymous_0)
FNF:1
FNH:1
FNDA:2,(anonymous_0)
DA:5,2
DA:6,2
DA:11,2
LF:3
LH:3
BRF:0
BRH:0
end_of_record
TN:
SF:src/components/Filters/Filters.jsx
FN:6,(anonymous_0)
FN:13,(anonymous_1)
FNF:2
FNH:2
FNDA:4,(anonymous_0)
FNDA:8,(anonymous_1)
DA:6,3
DA:7,4
DA:9,4
DA:14,8
DA:23,3
LF:5
LH:5
BRF:0
BRH:0
end_of_record
TN:
SF:src/components/Filters/FiltersContainer.jsx
FN:10,(anonymous_0)
FN:12,(anonymous_1)
FN:14,(anonymous_2)
FN:14,(anonymous_3)
FNF:4
FNH:3
FNDA:3,(anonymous_0)
FNDA:8,(anonymous_1)
FNDA:6,(anonymous_2)
FNDA:0,(anonymous_3)
DA:10,2
DA:11,3
DA:12,8
DA:14,6
DA:15,0
DA:16,0
DA:19,3
DA:32,3
LF:8
LH:6
BRF:0
BRH:0
end_of_record
TN:
SF:src/components/Filters/Filter/Filter.jsx
FN:7,(anonymous_0)
FN:13,(anonymous_1)
FNF:2
FNH:2
FNDA:9,(anonymous_0)
FNDA:1,(anonymous_1)
DA:7,4
DA:8,9
DA:9,9
DA:11,9
DA:13,9
DA:15,9
DA:30,4
LF:7
LH:7
BRF:0
BRH:0
end_of_record
TN:
SF:src/components/Pagination/Pagination.jsx
FN:5,(anonymous_0)
FN:10,(anonymous_1)
FNF:2
FNH:1
FNDA:3,(anonymous_0)
FNDA:0,(anonymous_1)
DA:5,3
DA:6,3
DA:8,3
DA:11,0
DA:25,3
LF:5
LH:4
BRDA:13,0,0,0
BRDA:13,0,1,0
BRF:2
BRH:0
end_of_record
TN:
SF:src/components/Pagination/PaginationContainer.jsx
FN:7,(anonymous_0)
FN:10,(anonymous_1)
FN:11,(anonymous_2)
FN:13,(anonymous_3)
FN:13,(anonymous_4)
FNF:5
FNH:3
FNDA:3,(anonymous_0)
FNDA:9,(anonymous_1)
FNDA:9,(anonymous_2)
FNDA:0,(anonymous_3)
FNDA:0,(anonymous_4)
DA:7,3
DA:8,3
DA:10,9
DA:11,9
DA:13,3
DA:15,3
DA:16,3
DA:18,3
LF:8
LH:8
BRF:0
BRH:0
end_of_record
TN:
SF:src/components/Spinner/Spinner.jsx
FN:4,(anonymous_0)
FNF:1
FNH:1
FNDA:1,(anonymous_0)
DA:4,5
LF:1
LH:1
BRF:0
BRH:0
end_of_record
